<?xml version='1.0' encoding='UTF-8'?>
<testsuites tests="42" failures="0" errors="0" skipped="0" time="316.519"><testsuite name="pytest" errors="0" failures="0" skipped="0" tests="10" time="43.132" timestamp="2022-09-22T18:40:42.249074" hostname="Noahs-MacBook-Pro-2.local"><testcase classname="tests.test_comments_and_flags" name="test_comment_registry" time="3.310"/><testcase classname="tests.test_comments_and_flags" name="test_comment_firsttime_file" time="4.382"/><testcase classname="tests.test_comments_and_flags" name="test_comment_secondtime_file" time="5.513"/><testcase classname="tests.test_comments_and_flags" name="test_comment_from_subdir" time="4.721"/><testcase classname="tests.test_comments_and_flags" name="test_comment_in_subdir" time="5.764"/><testcase classname="tests.test_comments_and_flags" name="test_flag_registry" time="3.418"/><testcase classname="tests.test_comments_and_flags" name="test_flag_record" time="3.389"/><testcase classname="tests.test_comments_and_flags" name="test_define_group" time="3.567"/><testcase classname="tests.test_comments_and_flags" name="test_undo_flag" time="4.581"/><testcase classname="tests.test_comments_and_flags" name="test_undo_comment" time="4.487"/></testsuite><testsuite name="pytest" errors="0" failures="0" skipped="0" tests="5" time="56.439" timestamp="2022-09-22T18:41:26.896145" hostname="Noahs-MacBook-Pro-2.local"><testcase classname="tests.test_read_and_lookup" name="test_lookup_registry" time="11.596"/><testcase classname="tests.test_read_and_lookup" name="test_read_registry" time="11.039"/><testcase classname="tests.test_read_and_lookup" name="test_lookup_testfile" time="10.898"/><testcase classname="tests.test_read_and_lookup" name="test_read_testfile" time="10.948"/><testcase classname="tests.test_read_and_lookup" name="test_lookup_multiple" time="11.958"/></testsuite><testsuite name="pytest" errors="0" failures="0" skipped="0" tests="8" time="32.89" timestamp="2022-09-22T18:42:24.917444" hostname="Noahs-MacBook-Pro-2.local"><testcase classname="tests.test_init_and_destroy" name="test_first_init" time="2.476"/><testcase classname="tests.test_init_and_destroy" name="test_second_init" time="3.315"/><testcase classname="tests.test_init_and_destroy" name="test_init_with_comment" time="3.296"/><testcase classname="tests.test_init_and_destroy" name="test_init_with_flag_group" time="3.223"/><testcase classname="tests.test_init_and_destroy" name="test_init_with_flag_group_and_comment" time="3.356"/><testcase classname="tests.test_init_and_destroy" name="test_destroy" time="3.364"/><testcase classname="tests.test_init_and_destroy" name="test_clear" time="4.548"/><testcase classname="tests.test_init_and_destroy" name="test_make_new_in_subdir" time="9.312"/></testsuite><testsuite name="pytest" errors="0" failures="0" skipped="0" tests="5" time="36.747" timestamp="2022-09-22T18:42:59.495300" hostname="Noahs-MacBook-Pro-2.local"><testcase classname="tests.test_move_and_remove" name="test_move_with" time="7.608"/><testcase classname="tests.test_move_and_remove" name="test_move_without" time="7.096"/><testcase classname="tests.test_move_and_remove" name="test_remove_without" time="7.329"/><testcase classname="tests.test_move_and_remove" name="test_remove_with" time="6.901"/><testcase classname="tests.test_move_and_remove" name="test_move_in_subdir" time="7.813"/></testsuite><testsuite name="pytest" errors="0" failures="0" skipped="0" tests="8" time="79.807" timestamp="2022-09-22T18:43:38.067018" hostname="Noahs-MacBook-Pro-2.local"><testcase classname="tests.test_list_and_screen" name="test_global_list" time="8.836"/><testcase classname="tests.test_list_and_screen" name="test_search_flag_list" time="9.245"/><testcase classname="tests.test_list_and_screen" name="test_search_pattern_list" time="8.708"/><testcase classname="tests.test_list_and_screen" name="test_localdir_global_list" time="9.192"/><testcase classname="tests.test_list_and_screen" name="test_localdir_search_flag_list" time="9.332"/><testcase classname="tests.test_list_and_screen" name="test_search_both" time="10.641"/><testcase classname="tests.test_list_and_screen" name="test_localdir_search_both" time="10.485"/><testcase classname="tests.test_list_and_screen" name="test_screen" time="13.368"/></testsuite><testsuite name="pytest" errors="0" failures="0" skipped="0" tests="6" time="67.504" timestamp="2022-09-22T18:44:59.609915" hostname="Noahs-MacBook-Pro-2.local"><testcase classname="tests.test_export" name="test_export_md" time="11.264"/><testcase classname="tests.test_export" name="test_export_md_withfilename" time="11.821"/><testcase classname="tests.test_export" name="test_export_yml" time="11.229"/><testcase classname="tests.test_export" name="test_export_yml_with_filename" time="11.229"/><testcase classname="tests.test_export" name="test_export_both" time="11.008"/><testcase classname="tests.test_export" name="test_export_both_with_filename" time="10.953"/></testsuite></testsuites>